<?xml version="1.0" encoding="UTF-8"?>
<java version="12.0.2" class="java.beans.XMLDecoder">
 <object class="java.util.ArrayList">
  <void method="add">
   <object class="by.bsuir.developmentTeam.bean.Developer">
    <void property="age">
     <int>19</int>
    </void>
    <void property="firstName">
     <string>Margaret</string>
    </void>
    <void property="id">
     <int>1</int>
    </void>
    <void property="lastName">
     <string>Om</string>
    </void>
    <void property="position">
     <string>dev</string>
    </void>
   </object>
  </void>
  <void method="add">
   <object class="by.bsuir.developmentTeam.bean.Developer" id="Developer0">
    <void property="age">
     <int>44</int>
    </void>
    <void property="firstName">
     <string>ervdrrrrrrrrrrrrrrrrrrrrrrrrrrrrrrrrrrrrr</string>
    </void>
    <void property="id">
     <int>2</int>
    </void>
    <void property="lastName">
     <string>rrrrrrrrrrrrrrr</string>
    </void>
    <void property="position">
     <string>rrrrrrrrrrrrrrrrrr</string>
    </void>
    <void property="tasks">
     <void method="add">
      <object class="by.bsuir.developmentTeam.bean.Task">
       <void property="description">
        <string>ferdk</string>
       </void>
       <void property="developer">
        <object idref="Developer0"/>
       </void>
       <void property="id">
        <int>3</int>
       </void>
       <void property="name">
        <string>find</string>
       </void>
      </object>
     </void>
    </void>
   </object>
  </void>
 </object>
</java>
